<?xml version="1.0" encoding="UTF-8"?>
<!-- Generated by org.testng.reporters.JUnitXMLReporter -->
<testsuite ignored="0" hostname="BHB1LT042" failures="1" tests="1" name="Test" time="45.495" errors="0" timestamp="2022-01-21T10:51:58 IST">
  <testcase classname="com.palmera.testCases.TC_loginTest_002" name="chooselanguage" time="38.951">
    <failure type="org.openqa.selenium.ElementNotInteractableException" message="element not interactable
  (Session info: chrome=97.0.4692.71)
Build info: version: &amp;apos;4.0.0&amp;apos;, revision: &amp;apos;3a21814679&amp;apos;
System info: host: &amp;apos;BHB1LT042&amp;apos;, ip: &amp;apos;192.168.29.135&amp;apos;, os.name: &amp;apos;Windows 10&amp;apos;, os.arch: &amp;apos;amd64&amp;apos;, os.version: &amp;apos;10.0&amp;apos;, java.version: &amp;apos;17.0.1&amp;apos;
Driver info: org.openqa.selenium.chrome.ChromeDriver
Command: [e51f3c74e46d222865fa0f1db5c6d2d0, clickElement {id=89b5f317-ebab-4983-99ec-784164536d47}]
Capabilities {acceptInsecureCerts: false, browserName: chrome, browserVersion: 97.0.4692.71, chrome: {chromedriverVersion: 97.0.4692.71 (adefa7837d02a..., userDataDir: C:\Users\RAJITH~1\AppData\L...}, goog:chromeOptions: {debuggerAddress: localhost:53952}, javascriptEnabled: true, networkConnectionEnabled: false, pageLoadStrategy: normal, platform: WINDOWS, platformName: WINDOWS, proxy: Proxy(), se:cdp: ws://localhost:53952/devtoo..., se:cdpVersion: 97.0.4692.71, setWindowRect: true, strictFileInteractability: false, timeouts: {implicit: 0, pageLoad: 300000, script: 30000}, unhandledPromptBehavior: dismiss and notify, webauthn:extension:credBlob: true, webauthn:extension:largeBlob: true, webauthn:virtualAuthenticators: true}
Element: [[ChromeDriver: chrome on WINDOWS (e51f3c74e46d222865fa0f1db5c6d2d0)] -&amp;gt; xpath: .//div[@class=&amp;apos;appmagic-button-label no-focus-outline&amp;apos; and text()=&amp;apos;Work Offline&amp;apos;]/ancestor::div[@data-control-id=&amp;apos;629&amp;apos;]/preceding-sibling::div[@data-control-id=&amp;apos;627&amp;apos;]/descendant::div[@class=&amp;apos;appmagic-image-pseudo-button&amp;apos; and @aria-hidden=&amp;apos;true&amp;apos;]/preceding-sibling::button]
Session ID: e51f3c74e46d222865fa0f1db5c6d2d0">
      <![CDATA[org.openqa.selenium.ElementNotInteractableException: element not interactable
  (Session info: chrome=97.0.4692.71)
Build info: version: '4.0.0', revision: '3a21814679'
System info: host: 'BHB1LT042', ip: '192.168.29.135', os.name: 'Windows 10', os.arch: 'amd64', os.version: '10.0', java.version: '17.0.1'
Driver info: org.openqa.selenium.chrome.ChromeDriver
Command: [e51f3c74e46d222865fa0f1db5c6d2d0, clickElement {id=89b5f317-ebab-4983-99ec-784164536d47}]
Capabilities {acceptInsecureCerts: false, browserName: chrome, browserVersion: 97.0.4692.71, chrome: {chromedriverVersion: 97.0.4692.71 (adefa7837d02a..., userDataDir: C:\Users\RAJITH~1\AppData\L...}, goog:chromeOptions: {debuggerAddress: localhost:53952}, javascriptEnabled: true, networkConnectionEnabled: false, pageLoadStrategy: normal, platform: WINDOWS, platformName: WINDOWS, proxy: Proxy(), se:cdp: ws://localhost:53952/devtoo..., se:cdpVersion: 97.0.4692.71, setWindowRect: true, strictFileInteractability: false, timeouts: {implicit: 0, pageLoad: 300000, script: 30000}, unhandledPromptBehavior: dismiss and notify, webauthn:extension:credBlob: true, webauthn:extension:largeBlob: true, webauthn:virtualAuthenticators: true}
Element: [[ChromeDriver: chrome on WINDOWS (e51f3c74e46d222865fa0f1db5c6d2d0)] -> xpath: .//div[@class='appmagic-button-label no-focus-outline' and text()='Work Offline']/ancestor::div[@data-control-id='629']/preceding-sibling::div[@data-control-id='627']/descendant::div[@class='appmagic-image-pseudo-button' and @aria-hidden='true']/preceding-sibling::button]
Session ID: e51f3c74e46d222865fa0f1db5c6d2d0
at org.openqa.selenium.remote.codec.w3c.W3CHttpResponseCodec.createException(W3CHttpResponseCodec.java:200)
at org.openqa.selenium.remote.codec.w3c.W3CHttpResponseCodec.decode(W3CHttpResponseCodec.java:133)
at org.openqa.selenium.remote.codec.w3c.W3CHttpResponseCodec.decode(W3CHttpResponseCodec.java:53)
at org.openqa.selenium.remote.HttpCommandExecutor.execute(HttpCommandExecutor.java:184)
at org.openqa.selenium.remote.service.DriverCommandExecutor.invokeExecute(DriverCommandExecutor.java:164)
at org.openqa.selenium.remote.service.DriverCommandExecutor.execute(DriverCommandExecutor.java:139)
at org.openqa.selenium.remote.RemoteWebDriver.execute(RemoteWebDriver.java:559)
at org.openqa.selenium.remote.RemoteWebElement.execute(RemoteWebElement.java:251)
at org.openqa.selenium.remote.RemoteWebElement.click(RemoteWebElement.java:77)
at org.openqa.selenium.support.pagefactory.internal.LocatingElementHandler.invoke(LocatingElementHandler.java:52)
at jdk.proxy2/jdk.proxy2.$Proxy18.click(Unknown Source)
at com.palmera.pageObject.HomePage.workoffline(HomePage.java:40)
at com.palmera.testCases.TC_loginTest_002.chooselanguage(TC_loginTest_002.java:41)
at java.base/java.util.ArrayList.forEach(ArrayList.java:1511)
... Removed 36 stack frames]]>
    </failure>
  </testcase> <!-- chooselanguage -->
</testsuite> <!-- Test -->
